<!DOCTYPE html PUBLIC "-//W3C//DTD XHTML 1.1//EN" "https://www.w3.org/TR/xhtml11/DTD/xhtml11.dtd">
<html xmlns="https://www.w3.org/1999/xhtml">
<head>
<meta http-equiv="content-type" content="text/html; charset=UTF-8"/>
<title>TestNG Report</title>
<style type="text/css">table {margin-bottom:10px;border-collapse:collapse;empty-cells:show}th,td {border:1px solid #009;padding:.25em .5em}th {vertical-align:bottom}td {vertical-align:top}table a {font-weight:bold}.stripe td {background-color: #E6EBF9}.num {text-align:right}.passedodd td {background-color: #3F3}.passedeven td {background-color: #0A0}.skippedodd td {background-color: #DDD}.skippedeven td {background-color: #CCC}.failedodd td,.attn {background-color: #F33}.failedeven td,.stripe .attn {background-color: #D00}.stacktrace {white-space:pre;font-family:monospace}.totop {font-size:85%;text-align:center;border-bottom:2px solid #000}.invisible {display:none}</style>
</head>
<body>
<table>
<tr><th>Test</th><th># Passed</th><th># Skipped</th><th># Retried</th><th># Failed</th><th>Time (ms)</th><th>Included Groups</th><th>Excluded Groups</th></tr>
<tr><th colspan="8">CMSproject</th></tr>
<tr><td><a href="#t0">Create New Campaing</a></td><td class="num">24</td><td class="num">0</td><td class="num">0</td><td class="num attn">4</td><td class="num">137,696</td><td></td><td></td></tr>
</table>
<table id='summary'><thead><tr><th>Class</th><th>Method</th><th>Start</th><th>Time (ms)</th></tr></thead><tbody><tr><th colspan="4">CMSproject</th></tr></tbody><tbody id="t0"><tr><th colspan="4">Create New Campaing &#8212; failed</th></tr><tr class="failedeven"><td rowspan="4">testcases.TC_CreateNewCampaing</td><td><a href="#m0">TC_CreateNewCampaing</a></td><td rowspan="1">1728023708881</td><td rowspan="1">0</td></tr><tr class="failedeven"><td><a href="#m1">setapprover_newcampaiging</a></td><td rowspan="1">1728023774326</td><td rowspan="1">22078</td></tr><tr class="failedeven"><td><a href="#m2">setapprover_newcampaiging_confirmation</a></td><td rowspan="1">1728023818474</td><td rowspan="1">22071</td></tr><tr class="failedeven"><td><a href="#m3">setapprover_newcampaiging_saveandsend</a></td><td rowspan="1">1728023796406</td><td rowspan="1">22065</td></tr><tr><th colspan="4">Create New Campaing &#8212; passed</th></tr><tr class="passedeven"><td rowspan="24">testcases.TC_CreateNewCampaing</td><td><a href="#m4">Fillawarenessrule_nextclick</a></td><td rowspan="1">1728023772228</td><td rowspan="1">2098</td></tr><tr class="passedeven"><td><a href="#m5">Fillawarenessrule_time_rule</a></td><td rowspan="1">1728023769966</td><td rowspan="1">2261</td></tr><tr class="passedeven"><td><a href="#m6">Fillawarenesssinfor_clicknextr</a></td><td rowspan="1">1728023765386</td><td rowspan="1">2102</td></tr><tr class="passedeven"><td><a href="#m7">Fillawarenesssinfor_enterdiscriptionenter</a></td><td rowspan="1">1728023763299</td><td rowspan="1">2087</td></tr><tr class="passedeven"><td><a href="#m8">Fillawarenesssinforgetlangue</a></td><td rowspan="1">1728023750446</td><td rowspan="1">2066</td></tr><tr class="passedeven"><td><a href="#m9">Fillawarenesssinforselectchannel</a></td><td rowspan="1">1728023747164</td><td rowspan="1">3282</td></tr><tr class="passedeven"><td><a href="#m10">Fillawarenesssinforsetaudiunce</a></td><td rowspan="1">1728023752513</td><td rowspan="1">3256</td></tr><tr class="passedeven"><td><a href="#m11">Fillawarenesssinfortitle</a></td><td rowspan="1">1728023744968</td><td rowspan="1">2195</td></tr><tr class="passedeven"><td><a href="#m12">NewCampain_AwarenessRule</a></td><td rowspan="1">1728023767489</td><td rowspan="1">2477</td></tr><tr class="passedeven"><td><a href="#m13">clickcheckaudiancebutton</a></td><td rowspan="1">1728023755769</td><td rowspan="1">2099</td></tr><tr class="passedeven"><td><a href="#m14">clickcheckaudiancecheckbox</a></td><td rowspan="1">1728023757869</td><td rowspan="1">2090</td></tr><tr class="passedeven"><td><a href="#m15">clickcheckaudianceselecttestaudince</a></td><td rowspan="1">1728023759959</td><td rowspan="1">3339</td></tr><tr class="passedeven"><td><a href="#m16">clickon_next_genralinforTo_awarnessinfor</a></td><td rowspan="1">1728023744898</td><td rowspan="1">69</td></tr><tr class="passedeven"><td><a href="#m17">clickoncampaingmangemnt</a></td><td rowspan="1">1728023725364</td><td rowspan="1">2916</td></tr><tr class="passedeven"><td><a href="#m18">enterCampagin_catagory</a></td><td rowspan="1">1728023735070</td><td rowspan="1">2224</td></tr><tr class="passedeven"><td><a href="#m19">enterCampagin_dilvaryrate</a></td><td rowspan="1">1728023744815</td><td rowspan="1">82</td></tr><tr class="passedeven"><td><a href="#m20">enterCampagin_discriptnrnter</a></td><td rowspan="1">1728023739472</td><td rowspan="1">2157</td></tr><tr class="passedeven"><td><a href="#m21">enterCampagin_fileupload</a></td><td rowspan="1">1728023741630</td><td rowspan="1">3184</td></tr><tr class="passedeven"><td><a href="#m22">enterCampagin_modeselect</a></td><td rowspan="1">1728023737295</td><td rowspan="1">2176</td></tr><tr class="passedeven"><td><a href="#m23">enterCampagintitle</a></td><td rowspan="1">1728023730422</td><td rowspan="1">2216</td></tr><tr class="passedeven"><td><a href="#m24">enterCampagintype</a></td><td rowspan="1">1728023732639</td><td rowspan="1">2431</td></tr><tr class="passedeven"><td><a href="#m25">logging_aims</a></td><td rowspan="1">1728023708889</td><td rowspan="1">14349</td></tr><tr class="passedeven"><td><a href="#m26">newcampaing</a></td><td rowspan="1">1728023728281</td><td rowspan="1">2140</td></tr><tr class="passedeven"><td><a href="#m27">selectcms</a></td><td rowspan="1">1728023723241</td><td rowspan="1">2122</td></tr></tbody>
</table>
<h2>Create New Campaing</h2><h3 id="m0">testcases.TC_CreateNewCampaing#TC_CreateNewCampaing</h3><table class="result"><tr><th>Exception</th></tr><tr><td><div class="stacktrace">org.testng.TestNGException: 
Cannot inject @Test annotated Method [TC_CreateNewCampaing] with [interface org.openqa.selenium.WebDriver].
For more information on native dependency injection please refer to https://testng.org/doc/documentation-main.html#native-dependency-injection
	at java.base/java.util.ArrayList.forEach(ArrayList.java:1511)
... Removed 30 stack frames</div></td></tr></table><p class="totop"><a href="#summary">back to summary</a></p>
<h3 id="m1">testcases.TC_CreateNewCampaing#setapprover_newcampaiging</h3><table class="result"><tr><th>Exception</th></tr><tr><td><div class="stacktrace">org.openqa.selenium.NoSuchElementException: no such element: Unable to locate element: {&quot;method&quot;:&quot;xpath&quot;,&quot;selector&quot;:&quot;//span[contains(text(),&quot;Search by Employee Name or Email&quot;)]&quot;}
  (Session info: chrome=129.0.6668.90)
For documentation on this error, please visit: https://www.seleniumhq.org/exceptions/no_such_element.html
Build info: version: &apos;3.141.59&apos;, revision: &apos;e82be7d358&apos;, time: &apos;2018-11-14T08:17:03&apos;
System info: host: &apos;HOISL_SANDUNJ&apos;, ip: &apos;192.168.8.101&apos;, os.name: &apos;Windows 10&apos;, os.arch: &apos;amd64&apos;, os.version: &apos;10.0&apos;, java.version: &apos;17.0.10&apos;
Driver info: org.openqa.selenium.chrome.ChromeDriver
Capabilities {acceptInsecureCerts: true, browserName: chrome, browserVersion: 129.0.6668.90, chrome: {chromedriverVersion: 129.0.6668.89 (951c0b97221f..., userDataDir: C:\Users\sandunj\AppData\Lo...}, fedcm:accounts: true, goog:chromeOptions: {debuggerAddress: localhost:49799}, javascriptEnabled: true, networkConnectionEnabled: false, pageLoadStrategy: normal, platform: WINDOWS, platformName: WINDOWS, proxy: Proxy(), setWindowRect: true, strictFileInteractability: false, timeouts: {implicit: 0, pageLoad: 300000, script: 30000}, unhandledPromptBehavior: dismiss and notify, webauthn:extension:credBlob: true, webauthn:extension:largeBlob: true, webauthn:extension:minPinLength: true, webauthn:extension:prf: true, webauthn:virtualAuthenticators: true}
Session ID: 11746fe01c39e68f6cd710a643da1e8c
*** Element info: {Using=xpath, value=//span[contains(text(),&quot;Search by Employee Name or Email&quot;)]}
	at org.openqa.selenium.remote.http.W3CHttpResponseCodec.createException(W3CHttpResponseCodec.java:187)
	at org.openqa.selenium.remote.http.W3CHttpResponseCodec.decode(W3CHttpResponseCodec.java:122)
	at org.openqa.selenium.remote.http.W3CHttpResponseCodec.decode(W3CHttpResponseCodec.java:49)
	at org.openqa.selenium.remote.HttpCommandExecutor.execute(HttpCommandExecutor.java:158)
	at org.openqa.selenium.remote.service.DriverCommandExecutor.execute(DriverCommandExecutor.java:83)
	at org.openqa.selenium.remote.RemoteWebDriver.execute(RemoteWebDriver.java:552)
	at org.openqa.selenium.remote.RemoteWebDriver.findElement(RemoteWebDriver.java:323)
	at org.openqa.selenium.remote.RemoteWebDriver.findElementByXPath(RemoteWebDriver.java:428)
	at org.openqa.selenium.By$ByXPath.findElement(By.java:353)
	at org.openqa.selenium.remote.RemoteWebDriver.findElement(RemoteWebDriver.java:315)
	at pages.NewCampaingSetApprover.setapprover(NewCampaingSetApprover.java:28)
	at testcases.TC_CreateNewCampaing.setapprover_newcampaiging(TC_CreateNewCampaing.java:319)
	at java.base/java.util.ArrayList.forEach(ArrayList.java:1511)
... Removed 36 stack frames</div></td></tr></table><p class="totop"><a href="#summary">back to summary</a></p>
<h3 id="m2">testcases.TC_CreateNewCampaing#setapprover_newcampaiging_confirmation</h3><table class="result"><tr><th>Exception</th></tr><tr><td><div class="stacktrace">org.openqa.selenium.ElementNotInteractableException: element not interactable
  (Session info: chrome=129.0.6668.90)
Build info: version: &apos;3.141.59&apos;, revision: &apos;e82be7d358&apos;, time: &apos;2018-11-14T08:17:03&apos;
System info: host: &apos;HOISL_SANDUNJ&apos;, ip: &apos;192.168.8.101&apos;, os.name: &apos;Windows 10&apos;, os.arch: &apos;amd64&apos;, os.version: &apos;10.0&apos;, java.version: &apos;17.0.10&apos;
Driver info: org.openqa.selenium.chrome.ChromeDriver
Capabilities {acceptInsecureCerts: true, browserName: chrome, browserVersion: 129.0.6668.90, chrome: {chromedriverVersion: 129.0.6668.89 (951c0b97221f..., userDataDir: C:\Users\sandunj\AppData\Lo...}, fedcm:accounts: true, goog:chromeOptions: {debuggerAddress: localhost:49799}, javascriptEnabled: true, networkConnectionEnabled: false, pageLoadStrategy: normal, platform: WINDOWS, platformName: WINDOWS, proxy: Proxy(), setWindowRect: true, strictFileInteractability: false, timeouts: {implicit: 0, pageLoad: 300000, script: 30000}, unhandledPromptBehavior: dismiss and notify, webauthn:extension:credBlob: true, webauthn:extension:largeBlob: true, webauthn:extension:minPinLength: true, webauthn:extension:prf: true, webauthn:virtualAuthenticators: true}
Session ID: 11746fe01c39e68f6cd710a643da1e8c
	at org.openqa.selenium.remote.http.W3CHttpResponseCodec.createException(W3CHttpResponseCodec.java:187)
	at org.openqa.selenium.remote.http.W3CHttpResponseCodec.decode(W3CHttpResponseCodec.java:122)
	at org.openqa.selenium.remote.http.W3CHttpResponseCodec.decode(W3CHttpResponseCodec.java:49)
	at org.openqa.selenium.remote.HttpCommandExecutor.execute(HttpCommandExecutor.java:158)
	at org.openqa.selenium.remote.service.DriverCommandExecutor.execute(DriverCommandExecutor.java:83)
	at org.openqa.selenium.remote.RemoteWebDriver.execute(RemoteWebDriver.java:552)
	at org.openqa.selenium.remote.RemoteWebElement.execute(RemoteWebElement.java:285)
	at org.openqa.selenium.remote.RemoteWebElement.click(RemoteWebElement.java:84)
	at pages.NewCampaingSetApprover.confirm_approver(NewCampaingSetApprover.java:51)
	at testcases.TC_CreateNewCampaing.setapprover_newcampaiging_confirmation(TC_CreateNewCampaing.java:341)
	at java.base/java.util.ArrayList.forEach(ArrayList.java:1511)
... Removed 36 stack frames</div></td></tr></table><p class="totop"><a href="#summary">back to summary</a></p>
<h3 id="m3">testcases.TC_CreateNewCampaing#setapprover_newcampaiging_saveandsend</h3><table class="result"><tr><th>Exception</th></tr><tr><td><div class="stacktrace">org.openqa.selenium.NoSuchElementException: no such element: Unable to locate element: {&quot;method&quot;:&quot;xpath&quot;,&quot;selector&quot;:&quot;//span[contains(text(),&quot;Save and Send for Approval&quot;)]&quot;}
  (Session info: chrome=129.0.6668.90)
For documentation on this error, please visit: https://www.seleniumhq.org/exceptions/no_such_element.html
Build info: version: &apos;3.141.59&apos;, revision: &apos;e82be7d358&apos;, time: &apos;2018-11-14T08:17:03&apos;
System info: host: &apos;HOISL_SANDUNJ&apos;, ip: &apos;192.168.8.101&apos;, os.name: &apos;Windows 10&apos;, os.arch: &apos;amd64&apos;, os.version: &apos;10.0&apos;, java.version: &apos;17.0.10&apos;
Driver info: org.openqa.selenium.chrome.ChromeDriver
Capabilities {acceptInsecureCerts: true, browserName: chrome, browserVersion: 129.0.6668.90, chrome: {chromedriverVersion: 129.0.6668.89 (951c0b97221f..., userDataDir: C:\Users\sandunj\AppData\Lo...}, fedcm:accounts: true, goog:chromeOptions: {debuggerAddress: localhost:49799}, javascriptEnabled: true, networkConnectionEnabled: false, pageLoadStrategy: normal, platform: WINDOWS, platformName: WINDOWS, proxy: Proxy(), setWindowRect: true, strictFileInteractability: false, timeouts: {implicit: 0, pageLoad: 300000, script: 30000}, unhandledPromptBehavior: dismiss and notify, webauthn:extension:credBlob: true, webauthn:extension:largeBlob: true, webauthn:extension:minPinLength: true, webauthn:extension:prf: true, webauthn:virtualAuthenticators: true}
Session ID: 11746fe01c39e68f6cd710a643da1e8c
*** Element info: {Using=xpath, value=//span[contains(text(),&quot;Save and Send for Approval&quot;)]}
	at org.openqa.selenium.remote.http.W3CHttpResponseCodec.createException(W3CHttpResponseCodec.java:187)
	at org.openqa.selenium.remote.http.W3CHttpResponseCodec.decode(W3CHttpResponseCodec.java:122)
	at org.openqa.selenium.remote.http.W3CHttpResponseCodec.decode(W3CHttpResponseCodec.java:49)
	at org.openqa.selenium.remote.HttpCommandExecutor.execute(HttpCommandExecutor.java:158)
	at org.openqa.selenium.remote.service.DriverCommandExecutor.execute(DriverCommandExecutor.java:83)
	at org.openqa.selenium.remote.RemoteWebDriver.execute(RemoteWebDriver.java:552)
	at org.openqa.selenium.remote.RemoteWebDriver.findElement(RemoteWebDriver.java:323)
	at org.openqa.selenium.remote.RemoteWebDriver.findElementByXPath(RemoteWebDriver.java:428)
	at org.openqa.selenium.By$ByXPath.findElement(By.java:353)
	at org.openqa.selenium.remote.RemoteWebDriver.findElement(RemoteWebDriver.java:315)
	at pages.NewCampaingSetApprover.saveandsendapprover(NewCampaingSetApprover.java:40)
	at testcases.TC_CreateNewCampaing.setapprover_newcampaiging_saveandsend(TC_CreateNewCampaing.java:330)
	at java.base/java.util.ArrayList.forEach(ArrayList.java:1511)
... Removed 36 stack frames</div></td></tr></table><p class="totop"><a href="#summary">back to summary</a></p>
<h3 id="m4">testcases.TC_CreateNewCampaing#Fillawarenessrule_nextclick</h3><table class="result"><tr><th class="invisible"/></tr></table><p class="totop"><a href="#summary">back to summary</a></p>
<h3 id="m5">testcases.TC_CreateNewCampaing#Fillawarenessrule_time_rule</h3><table class="result"><tr><th class="invisible"/></tr></table><p class="totop"><a href="#summary">back to summary</a></p>
<h3 id="m6">testcases.TC_CreateNewCampaing#Fillawarenesssinfor_clicknextr</h3><table class="result"><tr><th class="invisible"/></tr></table><p class="totop"><a href="#summary">back to summary</a></p>
<h3 id="m7">testcases.TC_CreateNewCampaing#Fillawarenesssinfor_enterdiscriptionenter</h3><table class="result"><tr><th class="invisible"/></tr></table><p class="totop"><a href="#summary">back to summary</a></p>
<h3 id="m8">testcases.TC_CreateNewCampaing#Fillawarenesssinforgetlangue</h3><table class="result"><tr><th class="invisible"/></tr></table><p class="totop"><a href="#summary">back to summary</a></p>
<h3 id="m9">testcases.TC_CreateNewCampaing#Fillawarenesssinforselectchannel</h3><table class="result"><tr><th class="invisible"/></tr></table><p class="totop"><a href="#summary">back to summary</a></p>
<h3 id="m10">testcases.TC_CreateNewCampaing#Fillawarenesssinforsetaudiunce</h3><table class="result"><tr><th class="invisible"/></tr></table><p class="totop"><a href="#summary">back to summary</a></p>
<h3 id="m11">testcases.TC_CreateNewCampaing#Fillawarenesssinfortitle</h3><table class="result"><tr><th class="invisible"/></tr></table><p class="totop"><a href="#summary">back to summary</a></p>
<h3 id="m12">testcases.TC_CreateNewCampaing#NewCampain_AwarenessRule</h3><table class="result"><tr><th class="invisible"/></tr></table><p class="totop"><a href="#summary">back to summary</a></p>
<h3 id="m13">testcases.TC_CreateNewCampaing#clickcheckaudiancebutton</h3><table class="result"><tr><th class="invisible"/></tr></table><p class="totop"><a href="#summary">back to summary</a></p>
<h3 id="m14">testcases.TC_CreateNewCampaing#clickcheckaudiancecheckbox</h3><table class="result"><tr><th class="invisible"/></tr></table><p class="totop"><a href="#summary">back to summary</a></p>
<h3 id="m15">testcases.TC_CreateNewCampaing#clickcheckaudianceselecttestaudince</h3><table class="result"><tr><th class="invisible"/></tr></table><p class="totop"><a href="#summary">back to summary</a></p>
<h3 id="m16">testcases.TC_CreateNewCampaing#clickon_next_genralinforTo_awarnessinfor</h3><table class="result"><tr><th class="invisible"/></tr></table><p class="totop"><a href="#summary">back to summary</a></p>
<h3 id="m17">testcases.TC_CreateNewCampaing#clickoncampaingmangemnt</h3><table class="result"><tr><th class="invisible"/></tr></table><p class="totop"><a href="#summary">back to summary</a></p>
<h3 id="m18">testcases.TC_CreateNewCampaing#enterCampagin_catagory</h3><table class="result"><tr><th class="invisible"/></tr></table><p class="totop"><a href="#summary">back to summary</a></p>
<h3 id="m19">testcases.TC_CreateNewCampaing#enterCampagin_dilvaryrate</h3><table class="result"><tr><th class="invisible"/></tr></table><p class="totop"><a href="#summary">back to summary</a></p>
<h3 id="m20">testcases.TC_CreateNewCampaing#enterCampagin_discriptnrnter</h3><table class="result"><tr><th class="invisible"/></tr></table><p class="totop"><a href="#summary">back to summary</a></p>
<h3 id="m21">testcases.TC_CreateNewCampaing#enterCampagin_fileupload</h3><table class="result"><tr><th class="invisible"/></tr></table><p class="totop"><a href="#summary">back to summary</a></p>
<h3 id="m22">testcases.TC_CreateNewCampaing#enterCampagin_modeselect</h3><table class="result"><tr><th class="invisible"/></tr></table><p class="totop"><a href="#summary">back to summary</a></p>
<h3 id="m23">testcases.TC_CreateNewCampaing#enterCampagintitle</h3><table class="result"><tr><th class="invisible"/></tr></table><p class="totop"><a href="#summary">back to summary</a></p>
<h3 id="m24">testcases.TC_CreateNewCampaing#enterCampagintype</h3><table class="result"><tr><th class="invisible"/></tr></table><p class="totop"><a href="#summary">back to summary</a></p>
<h3 id="m25">testcases.TC_CreateNewCampaing#logging_aims</h3><table class="result"><tr><th class="invisible"/></tr></table><p class="totop"><a href="#summary">back to summary</a></p>
<h3 id="m26">testcases.TC_CreateNewCampaing#newcampaing</h3><table class="result"><tr><th class="invisible"/></tr></table><p class="totop"><a href="#summary">back to summary</a></p>
<h3 id="m27">testcases.TC_CreateNewCampaing#selectcms</h3><table class="result"><tr><th class="invisible"/></tr></table><p class="totop"><a href="#summary">back to summary</a></p>
</body>
</html>
